  castle_battle_attack_heisuu_end.cpp
  castle_battle_attack_heisuu_sum.cpp
  castle_battle_defend_heisuu_end.cpp
  castle_battle_defend_heisuu_sum.cpp
  fook_picture_cache.cpp
  hook_bgm2_filename.cpp
  hook_bgm3_filename.cpp
  hook_bgm_filename.cpp
  hook_bushou_koudouzumi.cpp
  hook_castle_battle_attack_bushou.cpp
  hook_castle_battle_butai_defend_door_damage.cpp
  hook_castle_battle_butai_defend_honmaru_bushou.cpp
  hook_castle_battle_butai_defend_honmaru_damage.cpp
  hook_castle_battle_butai_syototsu_kyoten_bushou.cpp
  hook_castle_battle_butai_syoutotsu_attack_bushou.cpp
  hook_castle_battle_butai_syoutotsu_attack_damage.cpp
  hook_castle_battle_butai_syoutotsu_defend_damange.cpp
  hook_castle_battle_butai_syoutotsu_kyoten_damage.cpp
  hook_castle_battle_end.cpp
  hook_castle_battle_taihou_attack_kyoten_bushou.cpp
  hook_castle_battle_taihou_defend_door_bushou.cpp
  hook_castle_battle_taihou_defend_door_damage.cpp
  hook_castle_battle_taihou_defend_honmaru_bushou.cpp
  hook_castle_battle_taihou_defend_honmaru_damage.cpp
  hook_castle_battle_taihou_defend_kyoten_damage.cpp
  hook_castle_battle_turn.cpp
  hook_castle_battle_turn_bgn.cpp
  hook_castle_battle_turn_daimyo_a.cpp
  hook_castle_battle_turn_daimyo_b.cpp
  hook_castle_battle_zantetsuken.cpp
  hook_castle_battle_zantetsuken_message.cpp
  hook_castle_retsuden_castle_bgn.cpp
  hook_castle_retsuden_castle_title.cpp
  hook_castle_retusden_castle_detail.cpp
  hook_daimyo_strategy_turn.cpp
  hook_defwindowproca_custom.cpp
  hook_initial_game_settings.cpp
  hook_kahou_retsuden_kahou_detail.cpp
  hook_kahou_retsuden_kahou_title.cpp
  hook_kahou_retsuden_show_bgn.cpp
  hook_kahou_retsuden_show_end.cpp
  hook_kahou_retsuden_show_pic.cpp
  hook_kahou_show_kahouid.cpp
  hook_kahou_type_name.cpp
  hook_maingame_start.cpp
  hook_movie_filename.cpp
  hook_player_strategy_turn.cpp
  hook_sequence_event_bushou_and_message.cpp
  hook_serihu_message.cpp
  hook_set_serihu_all_bushou_a.cpp
  hook_set_serihu_all_bushou_b.cpp
  hook_unknown_dialog1.cpp
  hook_unknown_dialog2.cpp
  hook_unknown_dialog3.cpp
  hook_update_month.cpp
  hook_update_soba_kome.cpp
  hook_update_soba_teppou.cpp
  hook_update_soba_uma.cpp
  hook_write_month.cpp
  hook_write_soba_kome.cpp
  hook_write_soba_teppou.cpp
  hook_write_soba_uma.cpp
  hook_write_year.cpp
  hook_yasen_battle_turn.cpp
  hook_yasen_battle_turn_both_bushou.cpp
  hook_yasen_battle_turn_butai_of_1to5.cpp
  hook_yasen_butai_info_update.cpp
  hook_yasen_end.cpp
  hook_yasen_start_a.cpp
  hook_yasen_start_b.cpp
  hook_yasen_weather_change.cpp
  hook_yasen_weather_write.cpp
  load_form_mod.cpp
  load_wpf_mod.cpp
  on_game_pic_show.cpp
     ライブラリ C:\Users\master\source\repos\将星録Mod\Release (Super)\将星録.mod.lib とオブジェクト C:\Users\master\source\repos\将星録Mod\Release (Super)\将星録.mod.exp を作成中
LINK : warning LNK4232: 名前 将星録.mod に ASCII 文字以外の文字が含まれています。932 以外の ANSI コードページを使用すると、DLL をシステムに読み込めない可能性があります
将星録.mod.exp : warning LNK4070: .EXP 内の /OUT:将星録.mod ディレクティブの指定が出力ファイル名 'C:\Users\master\source\repos\将星録Mod\Release (Super)\将星録.mod.dll' と異なっています。ディレクティブは無視されます。
  将星録.mod.vcxproj -> C:\Users\master\source\repos\将星録Mod\Release (Super)\将星録.mod.dll
