c:\users\master\source\repos\将星録mod\将星録.mod\release (super)\bushou_retsuden.obj
c:\users\master\source\repos\将星録mod\将星録.mod\release (super)\data_kahou_struct.obj
c:\users\master\source\repos\将星録mod\将星録.mod\release (super)\hook_initial_game_settings.obj
c:\users\master\source\repos\将星録mod\将星録.mod\release (super)\hook_sequence_event_bushou_and_message.obj
c:\users\master\source\repos\将星録mod\将星録.mod\release (super)\hook_setfilepointer_custom.obj
c:\users\master\source\repos\将星録mod\将星録.mod\release (super)\hook_unknown_dialog1.obj
c:\users\master\source\repos\将星録mod\将星録.mod\release (super)\mng_城情報.obj
c:\users\master\source\repos\将星録mod\将星録.mod\release (super)\hook_isdebuggerpresent_custom.obj
c:\users\master\source\repos\将星録mod\将星録.mod\release (super)\on_game_pic_show.obj
c:\users\master\source\repos\将星録mod\将星録.mod\release (super)\hook_castle_battle_taihou_defend_honmaru_syubi_busyou.obj
c:\users\master\source\repos\将星録mod\将星録.mod\release (super)\castle_battle_defend_heisuu_sum.obj
c:\users\master\source\repos\将星録mod\将星録.mod\release (super)\hook_castle_retsuden_castle_title.obj
c:\users\master\source\repos\将星録mod\将星録.mod\release (super)\hook_cretefilea_custom.obj
c:\users\master\source\repos\将星録mod\将星録.mod\release (super)\hook_kahou_retsuden_kahou_detail.obj
c:\users\master\source\repos\将星録mod\将星録.mod\release (super)\hook_update_soba_kome.obj
c:\users\master\source\repos\将星録mod\将星録.mod\release (super)\hook_yasen_battle_turn_both_bushou.obj
c:\users\master\source\repos\将星録mod\将星録.mod\release (super)\mng_家宝情報.obj
c:\users\master\source\repos\将星録mod\将星録.mod\release (super)\hook_getdibits_custom.obj
c:\users\master\source\repos\将星録mod\将星録.mod\release (super)\on_event.obj
c:\users\master\source\repos\将星録mod\将星録.mod\release (super)\hook_castle_battle_taihou_defend_kyoten_damage.obj
c:\users\master\source\repos\将星録mod\将星録.mod\release (super)\hook_castle_battle_taihou_defend_door_damage.obj
c:\users\master\source\repos\将星録mod\将星録.mod\release (super)\hook_gaikou_comment.obj
c:\users\master\source\repos\将星録mod\将星録.mod\release (super)\hook_kahou_retsuden_kahou_title.obj
c:\users\master\source\repos\将星録mod\将星録.mod\release (super)\hook_update_soba_uma.obj
c:\users\master\source\repos\将星録mod\将星録.mod\release (super)\hook_yasen_battle_turn_butai_of_1to5.obj
c:\users\master\source\repos\将星録mod\将星録.mod\release (super)\mng_メニュー.obj
c:\users\master\source\repos\将星録mod\将星録.mod\release (super)\hook_defwindowproca_custom.obj
c:\users\master\source\repos\将星録mod\将星録.mod\release (super)\mng_武将情報.obj
c:\users\master\source\repos\将星録mod\将星録.mod\release (super)\castle_battle_attack_heisuu_sum.obj
c:\users\master\source\repos\将星録mod\将星録.mod\release (super)\hook_castle_battle_zantetsuken_message.obj
c:\users\master\source\repos\将星録mod\将星録.mod\release (super)\hook_castle_battle_turn_bgn.obj
c:\users\master\source\repos\将星録mod\将星録.mod\release (super)\hook_serihu_message_func.obj
c:\users\master\source\repos\将星録mod\将星録.mod\release (super)\hook_update_month.obj
c:\users\master\source\repos\将星録mod\将星録.mod\release (super)\hook_yasen_butai_info_update.obj
c:\users\master\source\repos\将星録mod\将星録.mod\release (super)\kahou_retsuden_albedo.obj
c:\users\master\source\repos\将星録mod\将星録.mod\release (super)\game_test.obj
c:\users\master\source\repos\将星録mod\将星録.mod\release (super)\mng_文字列変換.obj
c:\users\master\source\repos\将星録mod\将星録.mod\release (super)\bgm_noloop_issue_patch.obj
c:\users\master\source\repos\将星録mod\将星録.mod\release (super)\data_bushou_message.obj
c:\users\master\source\repos\将星録mod\将星録.mod\release (super)\hook_castle_retusden_castle_detail.obj
c:\users\master\source\repos\将星録mod\将星録.mod\release (super)\hook_castle_battle_turn_daimyo_a.obj
c:\users\master\source\repos\将星録mod\将星録.mod\release (super)\hook_set_serihu_all_bushou_a.obj
c:\users\master\source\repos\将星録mod\将星録.mod\release (super)\hook_yasen_battle_turn.obj
c:\users\master\source\repos\将星録mod\将星録.mod\release (super)\mng_フォント.obj
c:\users\master\source\repos\将星録mod\将星録.mod\release (super)\data_yakusyoku_struct.obj
c:\users\master\source\repos\将星録mod\将星録.mod\release (super)\hook_setmenu_custom.obj
c:\users\master\source\repos\将星録mod\将星録.mod\release (super)\game_window.obj
c:\users\master\source\repos\将星録mod\将星録.mod\release (super)\hook_castle_battle_taihou_attack_kyoten_bushou.obj
c:\users\master\source\repos\将星録mod\将星録.mod\release (super)\hook_castle_battle_butai_syoutotsu_defend_damange.obj
c:\users\master\source\repos\将星録mod\将星録.mod\release (super)\hook_bgm_filename.obj
c:\users\master\source\repos\将星録mod\将星録.mod\release (super)\hook_load_gaiji.obj
c:\users\master\source\repos\将星録mod\将星録.mod\release (super)\hook_player_strategy_turn.obj
c:\users\master\source\repos\将星録mod\将星録.mod\release (super)\hook_yasen_end.obj
c:\users\master\source\repos\将星録mod\将星録.mod\release (super)\message_albedo.obj
c:\users\master\source\repos\将星録mod\将星録.mod\release (super)\hook_createdibitmap_custom.obj
c:\users\master\source\repos\将星録mod\将星録.mod\release (super)\mng_年月情報.obj
c:\users\master\source\repos\将星録mod\将星録.mod\release (super)\hook_castle_battle_butai_syoutotsu_kyoten_damage.obj
c:\users\master\source\repos\将星録mod\将星録.mod\release (super)\hook_castle_battle_butai_defend_honmaru_bushou.obj
c:\users\master\source\repos\将星録mod\将星録.mod\release (super)\hook_castle_battle_end.obj
c:\users\master\source\repos\将星録mod\将星録.mod\release (super)\hook_maingame_start.obj
c:\users\master\source\repos\将星録mod\将星録.mod\release (super)\hook_write_soba_uma.obj
c:\users\master\source\repos\将星録mod\将星録.mod\release (super)\hook_kahou_type_name.obj
c:\users\master\source\repos\将星録mod\将星録.mod\release (super)\hook_createfonta_custom.obj
c:\users\master\source\repos\将星録mod\将星録.mod\release (super)\hook_serihu_message.obj
c:\users\master\source\repos\将星録mod\将星録.mod\release (super)\game_process.obj
c:\users\master\source\repos\将星録mod\将星録.mod\release (super)\hook_castle_battle_butai_syototsu_kyoten_bushou.obj
c:\users\master\source\repos\将星録mod\将星録.mod\release (super)\hook_castle_battle_butai_syoutotsu_attack_bushou.obj
c:\users\master\source\repos\将星録mod\将星録.mod\release (super)\hook_castle_battle_turn.obj
c:\users\master\source\repos\将星録mod\将星録.mod\release (super)\hook_movie_filename.obj
c:\users\master\source\repos\将星録mod\将星録.mod\release (super)\hook_readfile_custom_kao.obj
c:\users\master\source\repos\将星録mod\将星録.mod\release (super)\game_screen.obj
c:\users\master\source\repos\将星録mod\将星録.mod\release (super)\hook_textouta_custom.obj
c:\users\master\source\repos\将星録mod\将星録.mod\release (super)\usr_custom_mod.obj
c:\users\master\source\repos\将星録mod\将星録.mod\release (super)\bushou_albedo.obj
c:\users\master\source\repos\将星録mod\将星録.mod\release (super)\data_bushou_retsuden_struct.obj
c:\users\master\source\repos\将星録mod\将星録.mod\release (super)\hook_kahou_retsuden_show_bgn.obj
c:\users\master\source\repos\将星録mod\将星録.mod\release (super)\hook_write_month.obj
c:\users\master\source\repos\将星録mod\将星録.mod\release (super)\hook_yasen_start_a.obj
c:\users\master\source\repos\将星録mod\将星録.mod\release (super)\mng_ユニット情報.obj
c:\users\master\source\repos\将星録mod\将星録.mod\release (super)\data_game_struct.obj
c:\users\master\source\repos\将星録mod\将星録.mod\release (super)\on_serihu_message.obj
c:\users\master\source\repos\将星録mod\将星録.mod\release (super)\fook_picture_cache.obj
c:\users\master\source\repos\将星録mod\将星録.mod\release (super)\data_bushou_struct.obj
c:\users\master\source\repos\将星録mod\将星録.mod\release (super)\data_turn_player_castle.obj
c:\users\master\source\repos\将星録mod\将星録.mod\release (super)\hook_kahou_retsuden_show_pic.obj
c:\users\master\source\repos\将星録mod\将星録.mod\release (super)\hook_write_soba_kome.obj
c:\users\master\source\repos\将星録mod\将星録.mod\release (super)\hook_yasen_start_b.obj
c:\users\master\source\repos\将星録mod\将星録.mod\release (super)\mng_官位情報.obj
c:\users\master\source\repos\将星録mod\将星録.mod\release (super)\hook_functions_direct.obj
c:\users\master\source\repos\将星録mod\将星録.mod\release (super)\hook_releasedc_custom.obj
c:\users\master\source\repos\将星録mod\将星録.mod\release (super)\output_debug_stream.obj
c:\users\master\source\repos\将星録mod\将星録.mod\release (super)\hook_castle_battle_butai_defend_honmaru_damage.obj
c:\users\master\source\repos\将星録mod\将星録.mod\release (super)\data_daimyo_struct.obj
c:\users\master\source\repos\将星録mod\将星録.mod\release (super)\file_attribute.obj
c:\users\master\source\repos\将星録mod\将星録.mod\release (super)\hook_kahou_show_kahouid.obj
c:\users\master\source\repos\将星録mod\将星録.mod\release (super)\hook_write_year.obj
c:\users\master\source\repos\将星録mod\将星録.mod\release (super)\load_form_mod.obj
c:\users\master\source\repos\将星録mod\将星録.mod\release (super)\hook_createcompatibledc_custom.obj
c:\users\master\source\repos\将星録mod\将星録.mod\release (super)\game_menu.obj
c:\users\master\source\repos\将星録mod\将星録.mod\release (super)\mng_相場情報.obj
c:\users\master\source\repos\将星録mod\将星録.mod\release (super)\bushou_retsuden_albedo.obj
c:\users\master\source\repos\将星録mod\将星録.mod\release (super)\hook_castle_battle_butai_syoutotsu_attack_damage.obj
c:\users\master\source\repos\将星録mod\将星録.mod\release (super)\hook_bgm3_filename.obj
c:\users\master\source\repos\将星録mod\将星録.mod\release (super)\hook_readfile_custom_kahou.obj
c:\users\master\source\repos\将星録mod\将星録.mod\release (super)\kahou_retsuden.obj
c:\users\master\source\repos\将星録mod\将星録.mod\release (super)\hook_bitblt_custom.obj
c:\users\master\source\repos\将星録mod\将星録.mod\release (super)\mng_役職情報.obj
c:\users\master\source\repos\将星録mod\将星録.mod\release (super)\.netframework,version=v4.8.assemblyattributes.obj
c:\users\master\source\repos\将星録mod\将星録.mod\release (super)\hook_castle_battle_taihou_defend_honmaru_bushou.obj
c:\users\master\source\repos\将星録mod\将星録.mod\release (super)\hook_castle_retsuden_castle_bgn.obj
c:\users\master\source\repos\将星録mod\将星録.mod\release (super)\hook_bgm2_filename.obj
c:\users\master\source\repos\将星録mod\将星録.mod\release (super)\hook_load_scenariodata.obj
c:\users\master\source\repos\将星録mod\将星録.mod\release (super)\hook_castle_battle_zantetsuken.obj
c:\users\master\source\repos\将星録mod\将星録.mod\release (super)\hook_yasen_start.obj
c:\users\master\source\repos\将星録mod\将星録.mod\release (super)\hook_unknown_dialog2.obj
c:\users\master\source\repos\将星録mod\将星録.mod\release (super)\mng_大名関係情報.obj
c:\users\master\source\repos\将星録mod\将星録.mod\release (super)\game_font.obj
c:\users\master\source\repos\将星録mod\将星録.mod\release (super)\onigwrap.obj
c:\users\master\source\repos\将星録mod\将星録.mod\release (super)\castle_retsuden_albedo.obj
c:\users\master\source\repos\将星録mod\将星録.mod\release (super)\hook_castle_battle_butai_defend_door_damage.obj
c:\users\master\source\repos\将星録mod\将星録.mod\release (super)\hook_bushou_koudouzumi.obj
c:\users\master\source\repos\将星録mod\将星録.mod\release (super)\hook_update_soba_teppou.obj
c:\users\master\source\repos\将星録mod\将星録.mod\release (super)\hook_yasen_weather_change.obj
c:\users\master\source\repos\将星録mod\将星録.mod\release (super)\data_kanni_struct.obj
c:\users\master\source\repos\将星録mod\将星録.mod\release (super)\hook_enablemenuitem_custom.obj
c:\users\master\source\repos\将星録mod\将星録.mod\release (super)\mng_野戦部隊情報.obj
c:\users\master\source\repos\将星録mod\将星録.mod\release (super)\dllmain.obj
c:\users\master\source\repos\将星録mod\将星録.mod\release (super)\data_castle_struct.obj
c:\users\master\source\repos\将星録mod\将星録.mod\release (super)\data_turn_daimyo_struct.obj
c:\users\master\source\repos\将星録mod\将星録.mod\release (super)\hook_kahou_retsuden_show_end.obj
c:\users\master\source\repos\将星録mod\将星録.mod\release (super)\hook_write_soba_teppou.obj
c:\users\master\source\repos\将星録mod\将星録.mod\release (super)\hook_yasen_weather_write.obj
c:\users\master\source\repos\将星録mod\将星録.mod\release (super)\data_unit_struct.obj
c:\users\master\source\repos\将星録mod\将星録.mod\release (super)\hook_functions_replace.obj
c:\users\master\source\repos\将星録mod\将星録.mod\release (super)\hook_castle_battle_taihou_defend_honmaru_damage.obj
c:\users\master\source\repos\将星録mod\将星録.mod\release (super)\castle_retsuden.obj
c:\users\master\source\repos\将星録mod\将星録.mod\release (super)\hook_daimyo_strategy_turn.obj
c:\users\master\source\repos\将星録mod\将星録.mod\release (super)\hook_castle_battle_turn_daimyo_b.obj
c:\users\master\source\repos\将星録mod\将星録.mod\release (super)\hook_set_serihu_all_bushou_b.obj
c:\users\master\source\repos\将星録mod\将星録.mod\release (super)\hook_unknown_dialog3.obj
c:\users\master\source\repos\将星録mod\将星録.mod\release (super)\mng_大名情報.obj
c:\users\master\source\repos\将星録mod\将星録.mod\release (super)\export_func.obj
c:\users\master\source\repos\将星録mod\将星録.mod\release (super)\mng_野戦情報.obj
c:\users\master\source\repos\将星録mod\将星録.mod\release (super)\vc143.pdb
c:\users\master\source\repos\将星録mod\release (super)\将星録.mod.dll
c:\users\master\source\repos\将星録mod\将星録.mod\release (super)\app.res
c:\users\master\source\repos\将星録mod\release (super)\将星録.mod.lib
c:\users\master\source\repos\将星録mod\release (super)\将星録.mod.exp
c:\users\master\source\repos\将星録mod\将星録.mod\release (super)\将星録.mod.tlog\cl.command.1.tlog
c:\users\master\source\repos\将星録mod\将星録.mod\release (super)\将星録.mod.tlog\cl.items.tlog
c:\users\master\source\repos\将星録mod\将星録.mod\release (super)\将星録.mod.tlog\cl.read.1.tlog
c:\users\master\source\repos\将星録mod\将星録.mod\release (super)\将星録.mod.tlog\cl.write.1.tlog
c:\users\master\source\repos\将星録mod\将星録.mod\release (super)\将星録.mod.tlog\link.command.1.tlog
c:\users\master\source\repos\将星録mod\将星録.mod\release (super)\将星録.mod.tlog\link.read.1.tlog
c:\users\master\source\repos\将星録mod\将星録.mod\release (super)\将星録.mod.tlog\link.secondary.1.tlog
c:\users\master\source\repos\将星録mod\将星録.mod\release (super)\将星録.mod.tlog\link.write.1.tlog
c:\users\master\source\repos\将星録mod\将星録.mod\release (super)\将星録.mod.tlog\metagen.read.1.tlog
c:\users\master\source\repos\将星録mod\将星録.mod\release (super)\将星録.mod.tlog\metagen.write.1.tlog
c:\users\master\source\repos\将星録mod\将星録.mod\release (super)\将星録.mod.tlog\rc.command.1.tlog
c:\users\master\source\repos\将星録mod\将星録.mod\release (super)\将星録.mod.tlog\rc.read.1.tlog
c:\users\master\source\repos\将星録mod\将星録.mod\release (super)\将星録.mod.tlog\rc.write.1.tlog
