g:\新しいフォルダー\winmm\release (super)\dllextern.obj
g:\新しいフォルダー\winmm\release (super)\output_debug_stream.obj
g:\新しいフォルダー\winmm\release (super)\dllmain.obj
g:\新しいフォルダー\winmm\release (super)\file_attribute.obj
g:\新しいフォルダー\winmm\release (super)\on_event.obj
g:\新しいフォルダー\winmm\release (super)\process.obj
g:\新しいフォルダー\winmm\release (super)\loadantidebug.obj
g:\新しいフォルダー\winmm\release (super)\loadmod.obj
g:\新しいフォルダー\winmm\release (super)\vc143.pdb
g:\新しいフォルダー\release (super)\winmm.dll
g:\新しいフォルダー\winmm\release (super)\winmm.res
g:\新しいフォルダー\release (super)\winmm.lib
g:\新しいフォルダー\release (super)\winmm.exp
g:\新しいフォルダー\winmm\release (super)\winmm.ipdb
g:\新しいフォルダー\winmm\release (super)\winmm.iobj
g:\新しいフォルダー\winmm\release (super)\winmm.tlog\cl.16100.write.1.tlog
g:\新しいフォルダー\winmm\release (super)\winmm.tlog\cl.command.1.tlog
g:\新しいフォルダー\winmm\release (super)\winmm.tlog\cl.items.tlog
g:\新しいフォルダー\winmm\release (super)\winmm.tlog\cl.read.1.tlog
g:\新しいフォルダー\winmm\release (super)\winmm.tlog\link.command.1.tlog
g:\新しいフォルダー\winmm\release (super)\winmm.tlog\link.read.1.tlog
g:\新しいフォルダー\winmm\release (super)\winmm.tlog\link.secondary.1.tlog
g:\新しいフォルダー\winmm\release (super)\winmm.tlog\link.write.1.tlog
g:\新しいフォルダー\winmm\release (super)\winmm.tlog\rc.command.1.tlog
g:\新しいフォルダー\winmm\release (super)\winmm.tlog\rc.read.1.tlog
g:\新しいフォルダー\winmm\release (super)\winmm.tlog\rc.write.1.tlog
