  bushou_albedo.cpp
  bushou_retsuden.cpp
  bushou_retsuden_albedo.cpp
  data_bushou_message.cpp
  data_bushou_retsuden_struct.cpp
  data_bushou_struct.cpp
  data_castle_struct.cpp
  data_daimyo_struct.cpp
  data_game_struct.cpp
  data_kahou_retsuden_struct.cpp
  data_kahou_struct.cpp
  data_kanni_struct.cpp
  data_turn_daimyo_struct.cpp
  data_turn_player_castle.cpp
  data_unit_struct.cpp
  data_yakusyoku_struct.cpp
  game_font.cpp
  game_screen.cpp
  game_test.cpp
  hook_bgm_filename.cpp
  hook_bitblt_custom.cpp
  hook_castle_battle_turn.cpp
  hook_castle_battle_turn_bgn.cpp
  hook_kahou_retsuden_shou_bgn.cpp
  hook_kahou_retsuden_show_end.cpp
  hook_kahou_retsuden_show_pic.cpp
  hook_movie_filename.cpp
  hook_releasedc_custom.cpp
  hook_serihu_message.cpp
  hook_unknown_dialog1.cpp
  hook_unknown_dialog2.cpp
  hook_unknown_dialog3.cpp
  hook_yasen_battle_turn.cpp
  hook_yasen_battle_turn_both_bushou.cpp
  hook_yasen_battle_turn_butai_of_1to5.cpp
  hook_yasen_butai_info_update.cpp
  kahou_retsuden.cpp
  kahou_retsuden_albedo.cpp
  load_form_mod.cpp
  message_albedo.cpp
  mng_官位情報.cpp
  mng_家宝情報.cpp
  mng_役職情報.cpp
  on_event.cpp
  on_game_pic_show.cpp
     ライブラリ C:\Users\master\source\repos\将星録Mod\Release\将星録.mod.lib とオブジェクト C:\Users\master\source\repos\将星録Mod\Release\将星録.mod.exp を作成中
LINK : warning LNK4232: 名前 将星録.mod に ASCII 文字以外の文字が含まれています。932 以外の ANSI コードページを使用すると、DLL をシステムに読み込めない可能性があります
将星録.mod.exp : warning LNK4070: .EXP 内の /OUT:将星録.mod ディレクティブの指定が出力ファイル名 'C:\Users\master\source\repos\将星録Mod\Release\将星録.mod.dll' と異なっています。ディレクティブは無視されます。
  将星録.mod.vcxproj -> C:\Users\master\source\repos\将星録Mod\Release\将星録.mod.dll
