g:\src\将星録.mod\release\castle_retsuden.obj
g:\src\将星録.mod\release\hook_castle_battle_butai_syoutotsu_attack_damage.obj
g:\src\将星録.mod\release\file_attribute.obj
g:\src\将星録.mod\release\hook_gaikou_comment.obj
g:\src\将星録.mod\release\hook_movie_filename.obj
g:\src\将星録.mod\release\hook_write_year.obj
g:\src\将星録.mod\release\hook_yasen_weather_change.obj
g:\src\将星録.mod\release\mng_官位情報.obj
g:\src\将星録.mod\release\hook_functions_direct.obj
g:\src\将星録.mod\release\hook_serihu_message.obj
g:\src\将星録.mod\release\on_serihu_message.obj
g:\src\将星録.mod\release\hook_castle_battle_butai_syototsu_kyoten_bushou.obj
g:\src\将星録.mod\release\hook_castle_battle_zantetsuken_message.obj
g:\src\将星録.mod\release\hook_castle_battle_end.obj
g:\src\将星録.mod\release\hook_load_scenariodata.obj
g:\src\将星録.mod\release\hook_on_confirm_closewindow.obj
g:\src\将星録.mod\release\hook_sequence_event_bushou_and_message.obj
g:\src\将星録.mod\release\hook_readfile_custom_kao.obj
g:\src\将星録.mod\release\hook_bitblt_custom.obj
g:\src\将星録.mod\release\hook_isdebuggerpresent_custom.obj
g:\src\将星録.mod\release\mng_野戦部隊情報.obj
g:\src\将星録.mod\release\dllmain.obj
g:\src\将星録.mod\release\castle_battle_attack_heisuu_sum.obj
g:\src\将星録.mod\release\hook_castle_retsuden_castle_title.obj
g:\src\将星録.mod\release\hook_castle_battle_turn_daimyo_a.obj
g:\src\将星録.mod\release\hook_serihu_message_func.obj
g:\src\将星録.mod\release\hook_set_serihu_all_bushou_a.obj
g:\src\将星録.mod\release\hook_yasen_start.obj
g:\src\将星録.mod\release\hook_unknown_dialog1.obj
g:\src\将星録.mod\release\mng_フォント.obj
g:\src\将星録.mod\release\mng_家宝情報.obj
g:\src\将星録.mod\release\hook_enablemenuitem_custom.obj
g:\src\将星録.mod\release\on_event.obj
g:\src\将星録.mod\release\hook_castle_battle_taihou_defend_honmaru_bushou.obj
g:\src\将星録.mod\release\hook_castle_retsuden_castle_bgn.obj
g:\src\将星録.mod\release\hook_castle_battle_turn_bgn.obj
g:\src\将星録.mod\release\hook_readfile_custom_kamon.obj
g:\src\将星録.mod\release\load_form_mod.obj
g:\src\将星録.mod\release\data_yakusyoku_struct.obj
g:\src\将星録.mod\release\hook_textouta_custom.obj
g:\src\将星録.mod\release\.netframework,version=v4.8.assemblyattributes.obj
g:\src\将星録.mod\release\hook_castle_battle_taihou_attack_kyoten_bushou.obj
g:\src\将星録.mod\release\data_daimyo_struct.obj
g:\src\将星録.mod\release\data_kahou_struct.obj
g:\src\将星録.mod\release\hook_kahou_retsuden_kahou_detail.obj
g:\src\将星録.mod\release\hook_write_soba_uma.obj
g:\src\将星録.mod\release\hook_kahou_type_name.obj
g:\src\将星録.mod\release\hook_createfonta_custom.obj
g:\src\将星録.mod\release\mng_役職情報.obj
g:\src\将星録.mod\release\hook_castle_battle_taihou_defend_honmaru_damage.obj
g:\src\将星録.mod\release\hook_castle_battle_butai_syoutotsu_kyoten_damage.obj
g:\src\将星録.mod\release\hook_castle_battle_butai_syoutotsu_attack_bushou.obj
g:\src\将星録.mod\release\hook_bgm_filename.obj
g:\src\将星録.mod\release\hook_kahou_retsuden_show_pic.obj
g:\src\将星録.mod\release\hook_update_month.obj
g:\src\将星録.mod\release\hook_unknown_dialog3.obj
g:\src\将星録.mod\release\mng_大名関係情報.obj
g:\src\将星録.mod\release\game_font.obj
g:\src\将星録.mod\release\mng_野戦情報.obj
g:\src\将星録.mod\release\castle_battle_attack_heisuu_end.obj
g:\src\将星録.mod\release\data_castle_struct.obj
g:\src\将星録.mod\release\data_turn_daimyo_struct.obj
g:\src\将星録.mod\release\hook_kahou_show_kahouid.obj
g:\src\将星録.mod\release\hook_update_soba_uma.obj
g:\src\将星録.mod\release\hook_yasen_battle_turn_butai_of_1to5.obj
g:\src\将星録.mod\release\mng_城情報.obj
g:\src\将星録.mod\release\export_func.obj
g:\src\将星録.mod\release\mng_籠城戦部隊情報.obj
g:\src\将星録.mod\release\hook_castle_battle_taihou_defend_kyoten_damage.obj
g:\src\将星録.mod\release\hook_castle_battle_butai_syoutotsu_defend_damange.obj
g:\src\将星録.mod\release\data_bushou_retsuden_struct.obj
g:\src\将星録.mod\release\hook_kahou_retsuden_show_end.obj
g:\src\将星録.mod\release\hook_write_month.obj
g:\src\将星録.mod\release\hook_yasen_battle_turn_both_bushou.obj
g:\src\将星録.mod\release\mng_大名情報.obj
g:\src\将星録.mod\release\hook_getdibits_custom.obj
g:\src\将星録.mod\release\onigwrap.obj
g:\src\将星録.mod\release\hook_castle_battle_butai_defend_honmaru_damage.obj
g:\src\将星録.mod\release\data_bushou_struct.obj
g:\src\将星録.mod\release\hook_castle_battle_turn.obj
g:\src\将星録.mod\release\hook_maingame_start.obj
g:\src\将星録.mod\release\hook_write_soba_kome.obj
g:\src\将星録.mod\release\hook_yasen_start_b.obj
g:\src\将星録.mod\release\game_screen.obj
g:\src\将星録.mod\release\mng_文字列変換.obj
g:\src\将星録.mod\release\usr_custom_mod.obj
g:\src\将星録.mod\release\bgm_noloop_issue_patch.obj
g:\src\将星録.mod\release\bushou_retsuden_albedo.obj
g:\src\将星録.mod\release\hook_castle_battle_butai_defend_honmaru_bushou.obj
g:\src\将星録.mod\release\hook_bgm2_filename.obj
g:\src\将星録.mod\release\hook_load_gaiji.obj
g:\src\将星録.mod\release\hook_castle_battle_zantetsuken.obj
g:\src\将星録.mod\release\hook_setfilepointer_custom.obj
g:\src\将星録.mod\release\hook_yasen_end.obj
g:\src\将星録.mod\release\message_albedo.obj
g:\src\将星録.mod\release\hook_createcompatibledc_custom.obj
g:\src\将星録.mod\release\game_menu.obj
g:\src\将星録.mod\release\castle_battle_defend_heisuu_end.obj
g:\src\将星録.mod\release\hook_castle_battle_taihou_defend_door_damage.obj
g:\src\将星録.mod\release\hook_bgm3_filename.obj
g:\src\将星録.mod\release\hook_readfile_custom_kahou.obj
g:\src\将星録.mod\release\hook_yasen_start_a.obj
g:\src\将星録.mod\release\game_test.obj
g:\src\将星録.mod\release\mng_年月情報.obj
g:\src\将星録.mod\release\mng_相場情報.obj
g:\src\将星録.mod\release\hook_castle_battle_attack_bushou.obj
g:\src\将星録.mod\release\data_bushou_message.obj
g:\src\将星録.mod\release\data_turn_player_castle.obj
g:\src\将星録.mod\release\hook_kahou_retsuden_show_bgn.obj
g:\src\将星録.mod\release\hook_update_soba_kome.obj
g:\src\将星録.mod\release\hook_yasen_battle_turn.obj
g:\src\将星録.mod\release\mng_メニュー.obj
g:\src\将星録.mod\release\hook_defwindowproca_custom.obj
g:\src\将星録.mod\release\on_game_pic_show.obj
g:\src\将星録.mod\release\bushou_albedo.obj
g:\src\将星録.mod\release\hook_castle_retusden_castle_detail.obj
g:\src\将星録.mod\release\hook_castle_battle_turn_daimyo_b.obj
g:\src\将星録.mod\release\hook_setfilepointer_custom_winframe.obj
g:\src\将星録.mod\release\hook_unknown_dialog2.obj
g:\src\将星録.mod\release\mng_ユニット情報.obj
g:\src\将星録.mod\release\data_game_struct.obj
g:\src\将星録.mod\release\mng_武将情報.obj
g:\src\将星録.mod\release\castle_retsuden_albedo.obj
g:\src\将星録.mod\release\hook_castle_battle_butai_defend_door_damage.obj
g:\src\将星録.mod\release\hook_bushou_koudouzumi.obj
g:\src\将星録.mod\release\hook_player_strategy_turn.obj
g:\src\将星録.mod\release\hook_write_soba_teppou.obj
g:\src\将星録.mod\release\hook_yasen_weather_write.obj
g:\src\将星録.mod\release\data_unit_struct.obj
g:\src\将星録.mod\release\hook_setmenu_custom.obj
g:\src\将星録.mod\release\game_process.obj
g:\src\将星録.mod\release\fook_picture_cache.obj
g:\src\将星録.mod\release\castle_battle_defend_heisuu_sum.obj
g:\src\将星録.mod\release\data_kahou_retsuden_struct.obj
g:\src\将星録.mod\release\hook_kahou_retsuden_kahou_title.obj
g:\src\将星録.mod\release\hook_update_soba_teppou.obj
g:\src\将星録.mod\release\kahou_retsuden_albedo.obj
g:\src\将星録.mod\release\data_kanni_struct.obj
g:\src\将星録.mod\release\hook_functions_replace.obj
g:\src\将星録.mod\release\game_window.obj
g:\src\将星録.mod\release\hook_castle_battle_taihou_defend_honmaru_syubi_busyou.obj
g:\src\将星録.mod\release\bushou_retsuden.obj
g:\src\将星録.mod\release\hook_daimyo_strategy_turn.obj
g:\src\将星録.mod\release\hook_cretefilea_custom.obj
g:\src\将星録.mod\release\hook_initial_game_settings.obj
g:\src\将星録.mod\release\hook_set_serihu_all_bushou_b.obj
g:\src\将星録.mod\release\hook_yasen_butai_info_update.obj
g:\src\将星録.mod\release\kahou_retsuden.obj
g:\src\将星録.mod\release\hook_createdibitmap_custom.obj
g:\src\将星録.mod\release\hook_releasedc_custom.obj
g:\src\将星録.mod\release\output_debug_stream.obj
g:\src\将星録.mod\release\vc143.pdb
g:\src\release\将星録.mod.dll
g:\src\将星録.mod\release\app.res
g:\src\release\将星録.mod.lib
g:\src\release\将星録.mod.exp
g:\src\将星録.mod\release\将星録.mod.tlog\cl.command.1.tlog
g:\src\将星録.mod\release\将星録.mod.tlog\cl.items.tlog
g:\src\将星録.mod\release\将星録.mod.tlog\cl.read.1.tlog
g:\src\将星録.mod\release\将星録.mod.tlog\cl.write.1.tlog
g:\src\将星録.mod\release\将星録.mod.tlog\link.command.1.tlog
g:\src\将星録.mod\release\将星録.mod.tlog\link.read.1.tlog
g:\src\将星録.mod\release\将星録.mod.tlog\link.secondary.1.tlog
g:\src\将星録.mod\release\将星録.mod.tlog\link.write.1.tlog
g:\src\将星録.mod\release\将星録.mod.tlog\metagen.read.1.tlog
g:\src\将星録.mod\release\将星録.mod.tlog\metagen.write.1.tlog
g:\src\将星録.mod\release\将星録.mod.tlog\rc.command.1.tlog
g:\src\将星録.mod\release\将星録.mod.tlog\rc.read.1.tlog
g:\src\将星録.mod\release\将星録.mod.tlog\rc.write.1.tlog
