g:\src\winmm\release\output_debug_stream.obj
g:\src\winmm\release\process.obj
g:\src\winmm\release\file_attribute.obj
g:\src\winmm\release\dllmain.obj
g:\src\winmm\release\loadmod.obj
g:\src\winmm\release\loadantidebug.obj
g:\src\winmm\release\dllextern.obj
g:\src\winmm\release\on_event.obj
g:\src\winmm\release\vc143.pdb
g:\src\release\winmm.dll
g:\src\winmm\release\winmm.res
g:\src\release\winmm.lib
g:\src\release\winmm.exp
g:\src\winmm\release\winmm.ipdb
g:\src\winmm\release\winmm.iobj
g:\src\winmm\release\winmm.tlog\cl.14176.write.1.tlog
g:\src\winmm\release\winmm.tlog\cl.command.1.tlog
g:\src\winmm\release\winmm.tlog\cl.items.tlog
g:\src\winmm\release\winmm.tlog\cl.read.1.tlog
g:\src\winmm\release\winmm.tlog\link.command.1.tlog
g:\src\winmm\release\winmm.tlog\link.read.1.tlog
g:\src\winmm\release\winmm.tlog\link.secondary.1.tlog
g:\src\winmm\release\winmm.tlog\link.write.1.tlog
g:\src\winmm\release\winmm.tlog\rc.command.1.tlog
g:\src\winmm\release\winmm.tlog\rc.read.1.tlog
g:\src\winmm\release\winmm.tlog\rc.write.1.tlog
